{"total": {"lines":{"total":78,"covered":77,"skipped":0,"pct":98.72},"statements":{"total":80,"covered":79,"skipped":0,"pct":98.75},"functions":{"total":11,"covered":10,"skipped":0,"pct":90.91},"branches":{"total":28,"covered":26,"skipped":0,"pct":92.86}}
,"/home/mflo/mflorence99/serverx-angular/src/config.ts": {"lines":{"total":4,"covered":4,"skipped":0,"pct":100},"functions":{"total":1,"covered":1,"skipped":0,"pct":100},"statements":{"total":4,"covered":4,"skipped":0,"pct":100},"branches":{"total":0,"covered":0,"skipped":0,"pct":100}}
,"/home/mflo/mflorence99/serverx-angular/src/utils.ts": {"lines":{"total":74,"covered":73,"skipped":0,"pct":98.65},"functions":{"total":10,"covered":9,"skipped":0,"pct":90},"statements":{"total":76,"covered":75,"skipped":0,"pct":98.68},"branches":{"total":28,"covered":26,"skipped":0,"pct":92.86}}
}
